D:\Practice Projects\KnilaAssessment\Angular\dist\out-tsc\app\emp.js
D:\Practice Projects\KnilaAssessment\Angular\dist\out-tsc\app\emp.js.map
D:\Practice Projects\KnilaAssessment\Angular\dist\out-tsc\app\shared.service.js
D:\Practice Projects\KnilaAssessment\Angular\dist\out-tsc\app\shared.service.js.map
D:\Practice Projects\KnilaAssessment\Angular\dist\out-tsc\app\employee\employee.component.js
D:\Practice Projects\KnilaAssessment\Angular\dist\out-tsc\app\employee\employee.component.js.map
D:\Practice Projects\KnilaAssessment\Angular\dist\out-tsc\app\app-routing.module.js
D:\Practice Projects\KnilaAssessment\Angular\dist\out-tsc\app\app-routing.module.js.map
D:\Practice Projects\KnilaAssessment\Angular\dist\out-tsc\app\app.component.js
D:\Practice Projects\KnilaAssessment\Angular\dist\out-tsc\app\app.component.js.map
D:\Practice Projects\KnilaAssessment\Angular\dist\out-tsc\app\app.module.js
D:\Practice Projects\KnilaAssessment\Angular\dist\out-tsc\app\app.module.js.map
D:\Practice Projects\KnilaAssessment\Angular\dist\out-tsc\environments\environment.js
D:\Practice Projects\KnilaAssessment\Angular\dist\out-tsc\environments\environment.js.map
D:\Practice Projects\KnilaAssessment\Angular\dist\out-tsc\main.js
D:\Practice Projects\KnilaAssessment\Angular\dist\out-tsc\main.js.map
D:\Practice Projects\KnilaAssessment\Angular\dist\out-tsc\polyfills.js
D:\Practice Projects\KnilaAssessment\Angular\dist\out-tsc\polyfills.js.map
D:\Practice Projects\KnilaAssessment\Angular\dist\out-tsc\test.js
D:\Practice Projects\KnilaAssessment\Angular\dist\out-tsc\test.js.map
